Using pre-set license
Built from '2021.3/staging' branch; Version is '2021.3.32f1 (3b9dae9532f5) revision 3906990'; Using compiler version '192829333'; Build Type 'Release'
OS: 'Windows 11  (10.0.26100) 64bit Professional' Language: 'ja' Physical Memory: 16085 MB
BatchMode: 1, IsHumanControllingUs: 0, StartBugReporterOnCrash: 0, Is64bit: 1, IsPro: 1

COMMAND LINE ARGUMENTS:
C:\Program Files\Unity\Hub\Editor\2021.3.32f1-x86_64\Editor\Unity.exe
-adb2
-batchMode
-noUpm
-name
AssetImportWorker2
-projectPath
C:/Users/231006/Desktop/srpg/srpg
-logFile
Logs/AssetImportWorker2.log
-srvPort
59203
Successfully changed project path to: C:/Users/231006/Desktop/srpg/srpg
C:/Users/231006/Desktop/srpg/srpg
[UnityMemory] Configuration Parameters - Can be set up in boot.config
    "memorysetup-bucket-allocator-granularity=16"
    "memorysetup-bucket-allocator-bucket-count=8"
    "memorysetup-bucket-allocator-block-size=33554432"
    "memorysetup-bucket-allocator-block-count=8"
    "memorysetup-main-allocator-block-size=16777216"
    "memorysetup-thread-allocator-block-size=16777216"
    "memorysetup-gfx-main-allocator-block-size=16777216"
    "memorysetup-gfx-thread-allocator-block-size=16777216"
    "memorysetup-cache-allocator-block-size=4194304"
    "memorysetup-typetree-allocator-block-size=2097152"
    "memorysetup-profiler-bucket-allocator-granularity=16"
    "memorysetup-profiler-bucket-allocator-bucket-count=8"
    "memorysetup-profiler-bucket-allocator-block-size=33554432"
    "memorysetup-profiler-bucket-allocator-block-count=8"
    "memorysetup-profiler-allocator-block-size=16777216"
    "memorysetup-profiler-editor-allocator-block-size=1048576"
    "memorysetup-temp-allocator-size-main=16777216"
    "memorysetup-job-temp-allocator-block-size=2097152"
    "memorysetup-job-temp-allocator-block-size-background=1048576"
    "memorysetup-job-temp-allocator-reduction-small-platforms=262144"
    "memorysetup-temp-allocator-size-background-worker=32768"
    "memorysetup-temp-allocator-size-job-worker=262144"
    "memorysetup-temp-allocator-size-preload-manager=33554432"
    "memorysetup-temp-allocator-size-nav-mesh-worker=65536"
    "memorysetup-temp-allocator-size-audio-worker=65536"
    "memorysetup-temp-allocator-size-cloud-worker=32768"
    "memorysetup-temp-allocator-size-gi-baking-worker=262144"
    "memorysetup-temp-allocator-size-gfx=262144"
Player connection [15232] Host "[IP] 172.25.0.1 [Port] 0 [Flags] 2 [Guid] 2967311533 [EditorId] 2967311533 [Version] 1048832 [Id] WindowsEditor(7,MSI) [Debug] 1 [PackageName] WindowsEditor [ProjectName] Editor" joined multi-casting on [225.0.0.222:54997]...

Player connection [15232] Host "[IP] 172.25.0.1 [Port] 0 [Flags] 2 [Guid] 2967311533 [EditorId] 2967311533 [Version] 1048832 [Id] WindowsEditor(7,MSI) [Debug] 1 [PackageName] WindowsEditor [ProjectName] Editor" joined alternative multi-casting on [225.0.0.222:34997]...

[Physics::Module] Initialized MultithreadedJobDispatcher with {0} workers.
Refreshing native plugins compatible for Editor in 67.77 ms, found 3 plugins.
Preloading 0 native plugins for Editor in 0.00 ms.
Initialize engine version: 2021.3.32f1 (3b9dae9532f5)
[Subsystems] Discovering subsystems at path C:/Program Files/Unity/Hub/Editor/2021.3.32f1-x86_64/Editor/Data/Resources/UnitySubsystems
[Subsystems] Discovering subsystems at path C:/Users/231006/Desktop/srpg/srpg/Assets
GfxDevice: creating device client; threaded=0; jobified=0
Direct3D:
    Version:  Direct3D 11.0 [level 11.1]
    Renderer: NVIDIA GeForce RTX 3050 Laptop GPU (ID=0x25a2)
    Vendor:   NVIDIA
    VRAM:     3965 MB
    Driver:   32.0.15.5599
Initialize mono
Mono path[0] = 'C:/Program Files/Unity/Hub/Editor/2021.3.32f1-x86_64/Editor/Data/Managed'
Mono path[1] = 'C:/Program Files/Unity/Hub/Editor/2021.3.32f1-x86_64/Editor/Data/MonoBleedingEdge/lib/mono/unityjit-win32'
Mono config path = 'C:/Program Files/Unity/Hub/Editor/2021.3.32f1-x86_64/Editor/Data/MonoBleedingEdge/etc'
Using monoOptions --debugger-agent=transport=dt_socket,embedding=1,server=y,suspend=n,address=127.0.0.1:56532
Begin MonoManager ReloadAssembly
Registering precompiled unity dll's ...
Register platform support module: C:/Program Files/Unity/Hub/Editor/2021.3.32f1-x86_64/Editor/Data/PlaybackEngines/iOSSupport/UnityEditor.iOS.Extensions.dll
Register platform support module: C:/Program Files/Unity/Hub/Editor/2021.3.32f1-x86_64/Editor/Data/PlaybackEngines/WindowsStandaloneSupport/UnityEditor.WindowsStandalone.Extensions.dll
Registered in 0.006439 seconds.
Native extension for WindowsStandalone target not found
[usbmuxd] Start listen thread
[usbmuxd] Listen thread started
Native extension for iOS target not found
Refreshing native plugins compatible for Editor in 67.81 ms, found 3 plugins.
Preloading 0 native plugins for Editor in 0.00 ms.
Mono: successfully reloaded assembly
- Completed reload, in  0.491 seconds
Domain Reload Profiling:
	ReloadAssembly (492ms)
		BeginReloadAssembly (77ms)
			ExecutionOrderSort (0ms)
			DisableScriptedObjects (0ms)
			BackupInstance (0ms)
			ReleaseScriptingObjects (0ms)
			CreateAndSetChildDomain (1ms)
		EndReloadAssembly (336ms)
			LoadAssemblies (75ms)
			RebuildTransferFunctionScriptingTraits (0ms)
			SetupTypeCache (86ms)
			ReleaseScriptCaches (0ms)
			RebuildScriptCaches (18ms)
			SetupLoadedEditorAssemblies (200ms)
				LogAssemblyErrors (0ms)
				InitializePlatformSupportModulesInManaged (19ms)
				SetLoadedEditorAssemblies (0ms)
				RefreshPlugins (68ms)
				BeforeProcessingInitializeOnLoad (1ms)
				ProcessInitializeOnLoadAttributes (77ms)
				ProcessInitializeOnLoadMethodAttributes (35ms)
				AfterProcessingInitializeOnLoad (0ms)
				EditorAssembliesLoaded (0ms)
			ExecutionOrderSort2 (0ms)
			AwakeInstancesAfterBackupRestoration (0ms)
Platform modules already initialized, skipping
Registering precompiled user dll's ...
Registered in 0.011280 seconds.
Begin MonoManager ReloadAssembly
Native extension for WindowsStandalone target not found
Native extension for iOS target not found
Refreshing native plugins compatible for Editor in 70.82 ms, found 3 plugins.
Preloading 0 native plugins for Editor in 0.00 ms.
Package Manager log level set to [2]
[Package Manager] Server::EnsureServerProcessIsRunning -- launch failed, reason: Unity was launched with the -noUpm command-line argument
[Package Manager] Cannot connect to Unity Package Manager local server
Mono: successfully reloaded assembly
- Completed reload, in  1.229 seconds
Domain Reload Profiling:
	ReloadAssembly (1230ms)
		BeginReloadAssembly (108ms)
			ExecutionOrderSort (0ms)
			DisableScriptedObjects (5ms)
			BackupInstance (0ms)
			ReleaseScriptingObjects (0ms)
			CreateAndSetChildDomain (15ms)
		EndReloadAssembly (1040ms)
			LoadAssemblies (85ms)
			RebuildTransferFunctionScriptingTraits (0ms)
			SetupTypeCache (195ms)
			ReleaseScriptCaches (1ms)
			RebuildScriptCaches (40ms)
			SetupLoadedEditorAssemblies (709ms)
				LogAssemblyErrors (0ms)
				InitializePlatformSupportModulesInManaged (13ms)
				SetLoadedEditorAssemblies (0ms)
				RefreshPlugins (71ms)
				BeforeProcessingInitializeOnLoad (73ms)
				ProcessInitializeOnLoadAttributes (486ms)
				ProcessInitializeOnLoadMethodAttributes (59ms)
				AfterProcessingInitializeOnLoad (7ms)
				EditorAssembliesLoaded (0ms)
			ExecutionOrderSort2 (0ms)
			AwakeInstancesAfterBackupRestoration (4ms)
Platform modules already initialized, skipping
========================================================================
Worker process is ready to serve import requests
Launched and connected shader compiler UnityShaderCompiler.exe after 0.05 seconds
Refreshing native plugins compatible for Editor in 0.74 ms, found 3 plugins.
Preloading 0 native plugins for Editor in 0.00 ms.
Unloading 4735 Unused Serialized files (Serialized files now loaded: 0)
Unloading 32 unused Assets / (0.7 MB). Loaded Objects now: 5189.
Memory consumption went from 190.4 MB to 189.7 MB.
Total: 3.063000 ms (FindLiveObjects: 0.301600 ms CreateObjectMapping: 0.131100 ms MarkObjects: 2.368700 ms  DeleteObjects: 0.260800 ms)

AssetImportParameters requested are different than current active one (requested -> active):
  custom:video-decoder-ogg-theora: a1e56fd34408186e4bbccfd4996cb3dc -> 
  custom:container-muxer-webm: aa71ff27fc2769a1b78a27578f13a17b -> 
  custom:container-demuxer-webm: 4f35f7cbe854078d1ac9338744f61a02 -> 
  custom:video-encoder-webm-vp8: eb34c28f22e8b96e1ab97ce403110664 -> 
  custom:video-codec-MediaFoundation-h265: 746d11721c4dcdbdad8f713fa42b33f4 -> 
  custom:CustomObjectIndexerAttribute: 6b0e35c9178b02a6363f3721b7b8e397 -> 
  custom:audio-encoder-webm-vorbis: bf7c407c2cedff20999df2af8eb42d56 -> 
  custom:framework-win-MediaFoundation: 216162199b28c13a410421893ffa2e32 -> 
  custom:SearchIndexIgnoredProperties: e643bd26f0fe6173181afceb89e7c659 -> 
  custom:container-demuxer-ogg: 62fdf1f143b41e24485cea50d1cbac27 -> 
  custom:video-decoder-webm-vp8: 9c59270c3fd7afecdb556c50c9e8de78 -> 
  custom:audio-decoder-ogg-vorbis: bf7c407c2cedff20999df2af8eb42d56 -> 
========================================================================
Received Prepare
Registering precompiled user dll's ...
Registered in 0.014098 seconds.
Begin MonoManager ReloadAssembly
Native extension for WindowsStandalone target not found
Native extension for iOS target not found
Refreshing native plugins compatible for Editor in 0.77 ms, found 3 plugins.
Preloading 0 native plugins for Editor in 0.00 ms.
[Package Manager] Server::EnsureServerProcessIsRunning -- launch failed, reason: Unity was launched with the -noUpm command-line argument
[Package Manager] Cannot connect to Unity Package Manager local server
Mono: successfully reloaded assembly
- Completed reload, in  1.315 seconds
Domain Reload Profiling:
	ReloadAssembly (1316ms)
		BeginReloadAssembly (142ms)
			ExecutionOrderSort (0ms)
			DisableScriptedObjects (4ms)
			BackupInstance (0ms)
			ReleaseScriptingObjects (0ms)
			CreateAndSetChildDomain (38ms)
		EndReloadAssembly (1084ms)
			LoadAssemblies (106ms)
			RebuildTransferFunctionScriptingTraits (0ms)
			SetupTypeCache (249ms)
			ReleaseScriptCaches (2ms)
			RebuildScriptCaches (44ms)
			SetupLoadedEditorAssemblies (668ms)
				LogAssemblyErrors (0ms)
				InitializePlatformSupportModulesInManaged (18ms)
				SetLoadedEditorAssemblies (0ms)
				RefreshPlugins (1ms)
				BeforeProcessingInitializeOnLoad (67ms)
				ProcessInitializeOnLoadAttributes (515ms)
				ProcessInitializeOnLoadMethodAttributes (60ms)
				AfterProcessingInitializeOnLoad (7ms)
				EditorAssembliesLoaded (0ms)
			ExecutionOrderSort2 (0ms)
			AwakeInstancesAfterBackupRestoration (10ms)
Platform modules already initialized, skipping
Refreshing native plugins compatible for Editor in 0.85 ms, found 3 plugins.
Preloading 0 native plugins for Editor in 0.00 ms.
Unloading 4611 Unused Serialized files (Serialized files now loaded: 0)
Unloading 27 unused Assets / (0.7 MB). Loaded Objects now: 5192.
Memory consumption went from 181.5 MB to 180.8 MB.
Total: 3.481900 ms (FindLiveObjects: 0.508500 ms CreateObjectMapping: 0.317300 ms MarkObjects: 2.346700 ms  DeleteObjects: 0.307800 ms)

AssetImportParameters requested are different than current active one (requested -> active):
  custom:video-decoder-ogg-theora: a1e56fd34408186e4bbccfd4996cb3dc -> 
  custom:container-muxer-webm: aa71ff27fc2769a1b78a27578f13a17b -> 
  custom:container-demuxer-webm: 4f35f7cbe854078d1ac9338744f61a02 -> 
  custom:video-encoder-webm-vp8: eb34c28f22e8b96e1ab97ce403110664 -> 
  custom:video-codec-MediaFoundation-h265: 746d11721c4dcdbdad8f713fa42b33f4 -> 
  custom:CustomObjectIndexerAttribute: 6b0e35c9178b02a6363f3721b7b8e397 -> 
  custom:audio-encoder-webm-vorbis: bf7c407c2cedff20999df2af8eb42d56 -> 
  custom:framework-win-MediaFoundation: 216162199b28c13a410421893ffa2e32 -> 
  custom:SearchIndexIgnoredProperties: e643bd26f0fe6173181afceb89e7c659 -> 
  custom:container-demuxer-ogg: 62fdf1f143b41e24485cea50d1cbac27 -> 
  custom:video-decoder-webm-vp8: 9c59270c3fd7afecdb556c50c9e8de78 -> 
  custom:audio-decoder-ogg-vorbis: bf7c407c2cedff20999df2af8eb42d56 -> 
========================================================================
Received Import Request.
  Time since last request: 694818.016964 seconds.
  path: Assets/Layer Lab/3D Cartoon Box Map/FBX/Texture
  artifactKey: Guid(f780e434758af431dba05f70b4747cb1) Importer(815301076,1909f56bfc062723c751e8b465ee728b)
Number of updated assets reloaded before import = 0
Start importing Assets/Layer Lab/3D Cartoon Box Map/FBX/Texture using Guid(f780e434758af431dba05f70b4747cb1) Importer(815301076,1909f56bfc062723c751e8b465ee728b)  -> (artifact id: '361123696b3bf7366e3f564334853262') in 0.014070 seconds 
Number of asset objects unloaded after import = 0
========================================================================
Received Import Request.
  Time since last request: 0.412530 seconds.
  path: Assets/Layer Lab/3D Cartoon Box Map/FBX/Materials
  artifactKey: Guid(c97f876a2fdf6433d94ed5960c31518f) Importer(815301076,1909f56bfc062723c751e8b465ee728b)
Number of updated assets reloaded before import = 0
Start importing Assets/Layer Lab/3D Cartoon Box Map/FBX/Materials using Guid(c97f876a2fdf6433d94ed5960c31518f) Importer(815301076,1909f56bfc062723c751e8b465ee728b)  -> (artifact id: '932c064762857dc514024d57762012b5') in 0.002204 seconds 
Number of asset objects unloaded after import = 0
========================================================================
Received Import Request.
  Time since last request: 0.416207 seconds.
  path: Assets/Layer Lab/3D Cartoon Box Map/FBX/Texture/map.png
  artifactKey: Guid(a04af3bef923f4aaf882b3f886f7d74f) Importer(815301076,1909f56bfc062723c751e8b465ee728b)
Number of updated assets reloaded before import = 0
Start importing Assets/Layer Lab/3D Cartoon Box Map/FBX/Texture/map.png using Guid(a04af3bef923f4aaf882b3f886f7d74f) Importer(815301076,1909f56bfc062723c751e8b465ee728b)  -> (artifact id: '60c4481bed093cd7c4013dc3c84d43b0') in 0.050099 seconds 
Number of asset objects unloaded after import = 2
========================================================================
Received Import Request.
  Time since last request: 4.362304 seconds.
  path: Assets/Layer Lab/3D Cartoon Box Map/FBX/Materials/map.mat
  artifactKey: Guid(49cd18b05e6198b4abb38e3b76d46538) Importer(815301076,1909f56bfc062723c751e8b465ee728b)
Number of updated assets reloaded before import = 0
Start importing Assets/Layer Lab/3D Cartoon Box Map/FBX/Materials/map.mat using Guid(49cd18b05e6198b4abb38e3b76d46538) Importer(815301076,1909f56bfc062723c751e8b465ee728b)  -> (artifact id: '30d11e8a1f8b487ba49b0499ace63cad') in 0.167978 seconds 
Number of asset objects unloaded after import = 12
========================================================================
Received Import Request.
  Time since last request: 7.328523 seconds.
  path: Assets/Layer Lab/3D Cartoon Box Map/FBX/Box_Map.FBX
  artifactKey: Guid(353b40c6a1ff7dd469b9d1e4dc0f13a8) Importer(815301076,1909f56bfc062723c751e8b465ee728b)
Number of updated assets reloaded before import = 0
Start importing Assets/Layer Lab/3D Cartoon Box Map/FBX/Box_Map.FBX using Guid(353b40c6a1ff7dd469b9d1e4dc0f13a8) Importer(815301076,1909f56bfc062723c751e8b465ee728b)  -> (artifact id: 'ad56754352d3cf9d6cf586cff3b33167') in 0.524626 seconds 
Number of asset objects unloaded after import = 1254
========================================================================
Received Import Request.
  Time since last request: 3.308373 seconds.
  path: Assets/Layer Lab/3D Cartoon Box Map/FBX/Box_Map.FBX
  artifactKey: Guid(353b40c6a1ff7dd469b9d1e4dc0f13a8) Importer(815301076,1909f56bfc062723c751e8b465ee728b)
Number of updated assets reloaded before import = 0
Start importing Assets/Layer Lab/3D Cartoon Box Map/FBX/Box_Map.FBX using Guid(353b40c6a1ff7dd469b9d1e4dc0f13a8) Importer(815301076,1909f56bfc062723c751e8b465ee728b)  -> (artifact id: 'e01ee5d9b45fe2c5a2c16b32dbdcf4ef') in 0.477693 seconds 
Number of asset objects unloaded after import = 1254
========================================================================
Received Import Request.
  Time since last request: 34.963760 seconds.
  path: Assets/Layer Lab/3D Cartoon Box Map/Prefabs/00_Plain/Map/Plain01.prefab
  artifactKey: Guid(28571dc7a9cf7834892025d98a1fbe6a) Importer(815301076,1909f56bfc062723c751e8b465ee728b)
Number of updated assets reloaded before import = 0
Start importing Assets/Layer Lab/3D Cartoon Box Map/Prefabs/00_Plain/Map/Plain01.prefab using Guid(28571dc7a9cf7834892025d98a1fbe6a) Importer(815301076,1909f56bfc062723c751e8b465ee728b)  -> (artifact id: 'f970fa93895c919fccbf6a283ec3122b') in 0.016390 seconds 
Number of asset objects unloaded after import = 9
========================================================================
Received Import Request.
  Time since last request: 0.000025 seconds.
  path: Assets/Layer Lab/3D Cartoon Box Map/Prefabs/00_Plain/Map/Plain_Poison.prefab
  artifactKey: Guid(4fdd22de08a8fa84cafd85050823e8e8) Importer(815301076,1909f56bfc062723c751e8b465ee728b)
Number of updated assets reloaded before import = 0
Start importing Assets/Layer Lab/3D Cartoon Box Map/Prefabs/00_Plain/Map/Plain_Poison.prefab using Guid(4fdd22de08a8fa84cafd85050823e8e8) Importer(815301076,1909f56bfc062723c751e8b465ee728b)  -> (artifact id: '11cf044d0395bbf63649dadcb7937f36') in 0.009063 seconds 
Number of asset objects unloaded after import = 9
========================================================================
Received Import Request.
  Time since last request: 0.000019 seconds.
  path: Assets/Layer Lab/3D Cartoon Box Map/Prefabs/00_Plain/Map/Plain_Stair_4.prefab
  artifactKey: Guid(effb01124622b3042b37b0fd7a480ae9) Importer(815301076,1909f56bfc062723c751e8b465ee728b)
Number of updated assets reloaded before import = 0
Start importing Assets/Layer Lab/3D Cartoon Box Map/Prefabs/00_Plain/Map/Plain_Stair_4.prefab using Guid(effb01124622b3042b37b0fd7a480ae9) Importer(815301076,1909f56bfc062723c751e8b465ee728b)  -> (artifact id: '164a1e7601dea141489e40ec3234add2') in 0.009506 seconds 
Number of asset objects unloaded after import = 9
========================================================================
Received Import Request.
  Time since last request: 0.000024 seconds.
  path: Assets/Layer Lab/3D Cartoon Box Map/Prefabs/00_Plain/Map/Plain02_4.prefab
  artifactKey: Guid(06db9a7ddd8a5704684a6469cf4d5140) Importer(815301076,1909f56bfc062723c751e8b465ee728b)
Number of updated assets reloaded before import = 0
Start importing Assets/Layer Lab/3D Cartoon Box Map/Prefabs/00_Plain/Map/Plain02_4.prefab using Guid(06db9a7ddd8a5704684a6469cf4d5140) Importer(815301076,1909f56bfc062723c751e8b465ee728b)  -> (artifact id: '1eabf0588d7abb256b9fe511ccd4e4c8') in 0.008153 seconds 
Number of asset objects unloaded after import = 9
========================================================================
Received Import Request.
  Time since last request: 0.000019 seconds.
  path: Assets/Layer Lab/3D Cartoon Box Map/Prefabs/00_Plain/Map/Plain_Poison_4.prefab
  artifactKey: Guid(e0cc4ab8eb0cecb4c9f84cb207b7fc26) Importer(815301076,1909f56bfc062723c751e8b465ee728b)
Number of updated assets reloaded before import = 0
Start importing Assets/Layer Lab/3D Cartoon Box Map/Prefabs/00_Plain/Map/Plain_Poison_4.prefab using Guid(e0cc4ab8eb0cecb4c9f84cb207b7fc26) Importer(815301076,1909f56bfc062723c751e8b465ee728b)  -> (artifact id: 'ef9bd1fb217087fd75baeed9c968d256') in 0.009231 seconds 
Number of asset objects unloaded after import = 9
========================================================================
Received Import Request.
  Time since last request: 0.000017 seconds.
  path: Assets/Layer Lab/3D Cartoon Box Map/Prefabs/00_Plain/Map/Plain_Trap_4.prefab
  artifactKey: Guid(bac8e94e76d188048819b05d5914546f) Importer(815301076,1909f56bfc062723c751e8b465ee728b)
Number of updated assets reloaded before import = 0
Start importing Assets/Layer Lab/3D Cartoon Box Map/Prefabs/00_Plain/Map/Plain_Trap_4.prefab using Guid(bac8e94e76d188048819b05d5914546f) Importer(815301076,1909f56bfc062723c751e8b465ee728b)  -> (artifact id: '57fc0c08b4930ffa212b893be079b56f') in 0.008632 seconds 
Number of asset objects unloaded after import = 9
========================================================================
Received Import Request.
  Time since last request: 0.000019 seconds.
  path: Assets/Layer Lab/3D Cartoon Box Map/Prefabs/00_Plain/Map/Plain_Stair.prefab
  artifactKey: Guid(b76af908ad6233141b8d99d82fc9fa74) Importer(815301076,1909f56bfc062723c751e8b465ee728b)
Number of updated assets reloaded before import = 0
Start importing Assets/Layer Lab/3D Cartoon Box Map/Prefabs/00_Plain/Map/Plain_Stair.prefab using Guid(b76af908ad6233141b8d99d82fc9fa74) Importer(815301076,1909f56bfc062723c751e8b465ee728b)  -> (artifact id: '05360d93907015eba4e8d99535278ac8') in 0.009049 seconds 
Number of asset objects unloaded after import = 9
========================================================================
Received Import Request.
  Time since last request: 0.213006 seconds.
  path: Assets/Layer Lab/3D Cartoon Box Map/Prefabs/00_Plain/Side/Plain_Field_01.prefab
  artifactKey: Guid(69db8f8a5b0e54f448d699aec4ae7e5c) Importer(815301076,1909f56bfc062723c751e8b465ee728b)
Number of updated assets reloaded before import = 0
Start importing Assets/Layer Lab/3D Cartoon Box Map/Prefabs/00_Plain/Side/Plain_Field_01.prefab using Guid(69db8f8a5b0e54f448d699aec4ae7e5c) Importer(815301076,1909f56bfc062723c751e8b465ee728b)  -> (artifact id: '5fc06e964ce19044d69931f0fa84f48f') in 0.008781 seconds 
Number of asset objects unloaded after import = 9
========================================================================
Received Import Request.
  Time since last request: 0.000015 seconds.
  path: Assets/Layer Lab/3D Cartoon Box Map/Prefabs/00_Plain/Side/Plain_Mushroom_02.prefab
  artifactKey: Guid(92907ca25a80b714da0c74dab2175a3c) Importer(815301076,1909f56bfc062723c751e8b465ee728b)
Number of updated assets reloaded before import = 0
Start importing Assets/Layer Lab/3D Cartoon Box Map/Prefabs/00_Plain/Side/Plain_Mushroom_02.prefab using Guid(92907ca25a80b714da0c74dab2175a3c) Importer(815301076,1909f56bfc062723c751e8b465ee728b)  -> (artifact id: 'd896b71cbddc8f59e8796dad1bc72c9e') in 0.008276 seconds 
Number of asset objects unloaded after import = 9
========================================================================
Received Import Request.
  Time since last request: 0.000019 seconds.
  path: Assets/Layer Lab/3D Cartoon Box Map/Prefabs/00_Plain/Side/Plain_Stone_01.prefab
  artifactKey: Guid(f76f42b45fe1b0040a18605c9bf0da13) Importer(815301076,1909f56bfc062723c751e8b465ee728b)
Number of updated assets reloaded before import = 0
Start importing Assets/Layer Lab/3D Cartoon Box Map/Prefabs/00_Plain/Side/Plain_Stone_01.prefab using Guid(f76f42b45fe1b0040a18605c9bf0da13) Importer(815301076,1909f56bfc062723c751e8b465ee728b)  -> (artifact id: '0462b69fc60f14997ea41cdb0c9003b5') in 0.023325 seconds 
Number of asset objects unloaded after import = 9
========================================================================
Received Import Request.
  Time since last request: 0.000021 seconds.
  path: Assets/Layer Lab/3D Cartoon Box Map/Prefabs/00_Plain/Side/Plain_Tree_01.prefab
  artifactKey: Guid(9a1ae4ec7cbcf014b843f2b26b4fc771) Importer(815301076,1909f56bfc062723c751e8b465ee728b)
Number of updated assets reloaded before import = 0
Start importing Assets/Layer Lab/3D Cartoon Box Map/Prefabs/00_Plain/Side/Plain_Tree_01.prefab using Guid(9a1ae4ec7cbcf014b843f2b26b4fc771) Importer(815301076,1909f56bfc062723c751e8b465ee728b)  -> (artifact id: '3202ea9cc5c508c35c8d100c7c8614ca') in 0.008965 seconds 
Number of asset objects unloaded after import = 9
========================================================================
Received Import Request.
  Time since last request: 0.000040 seconds.
  path: Assets/Layer Lab/3D Cartoon Box Map/Prefabs/00_Plain/Side/Plain_Stone_05.prefab
  artifactKey: Guid(e6bf30ac90cb47546a77a048ed1fe4ba) Importer(815301076,1909f56bfc062723c751e8b465ee728b)
Number of updated assets reloaded before import = 0
Start importing Assets/Layer Lab/3D Cartoon Box Map/Prefabs/00_Plain/Side/Plain_Stone_05.prefab using Guid(e6bf30ac90cb47546a77a048ed1fe4ba) Importer(815301076,1909f56bfc062723c751e8b465ee728b)  -> (artifact id: 'd3760d2a8e27e9178ba3136e20c6ce24') in 0.008333 seconds 
Number of asset objects unloaded after import = 9
========================================================================
Received Import Request.
  Time since last request: 0.000030 seconds.
  path: Assets/Layer Lab/3D Cartoon Box Map/Prefabs/00_Plain/Side/Plain_Stone_03.prefab
  artifactKey: Guid(42efe22f34047e144a368dee6b5e3faf) Importer(815301076,1909f56bfc062723c751e8b465ee728b)
Number of updated assets reloaded before import = 0
Start importing Assets/Layer Lab/3D Cartoon Box Map/Prefabs/00_Plain/Side/Plain_Stone_03.prefab using Guid(42efe22f34047e144a368dee6b5e3faf) Importer(815301076,1909f56bfc062723c751e8b465ee728b)  -> (artifact id: '955a0c9c5a2f617e09e5a0e6ccc697b1') in 0.014652 seconds 
Number of asset objects unloaded after import = 9
========================================================================
Received Import Request.
  Time since last request: 0.000025 seconds.
  path: Assets/Layer Lab/3D Cartoon Box Map/Prefabs/00_Plain/Side/Plain_Field_02_s.prefab
  artifactKey: Guid(178e0da1b36402e40916dc4e5f1da324) Importer(815301076,1909f56bfc062723c751e8b465ee728b)
Number of updated assets reloaded before import = 0
Start importing Assets/Layer Lab/3D Cartoon Box Map/Prefabs/00_Plain/Side/Plain_Field_02_s.prefab using Guid(178e0da1b36402e40916dc4e5f1da324) Importer(815301076,1909f56bfc062723c751e8b465ee728b)  -> (artifact id: '3e9cc7c16facb6fd546c567b8c1b9002') in 0.008297 seconds 
Number of asset objects unloaded after import = 9
========================================================================
Received Import Request.
  Time since last request: 2.303552 seconds.
  path: Assets/Layer Lab/3D Cartoon Box Map/Prefabs/06_Fort/Map/Fort01.prefab
  artifactKey: Guid(632123afcf02d1248a61706aaaeb3cc0) Importer(815301076,1909f56bfc062723c751e8b465ee728b)
Number of updated assets reloaded before import = 0
Start importing Assets/Layer Lab/3D Cartoon Box Map/Prefabs/06_Fort/Map/Fort01.prefab using Guid(632123afcf02d1248a61706aaaeb3cc0) Importer(815301076,1909f56bfc062723c751e8b465ee728b)  -> (artifact id: '20b9e5f70382a1d35dfa3d3d400b79df') in 0.010441 seconds 
Number of asset objects unloaded after import = 9
========================================================================
Received Import Request.
  Time since last request: 0.000017 seconds.
  path: Assets/Layer Lab/3D Cartoon Box Map/Prefabs/06_Fort/Map/Fort_Poison_4.prefab
  artifactKey: Guid(ee8ec46cc8604cb498876b1a00fc0a9b) Importer(815301076,1909f56bfc062723c751e8b465ee728b)
Number of updated assets reloaded before import = 0
Start importing Assets/Layer Lab/3D Cartoon Box Map/Prefabs/06_Fort/Map/Fort_Poison_4.prefab using Guid(ee8ec46cc8604cb498876b1a00fc0a9b) Importer(815301076,1909f56bfc062723c751e8b465ee728b)  -> (artifact id: '1301d19fb1092a3030a3ca38eac53989') in 0.009925 seconds 
Number of asset objects unloaded after import = 9
========================================================================
Received Import Request.
  Time since last request: 0.000018 seconds.
  path: Assets/Layer Lab/3D Cartoon Box Map/Prefabs/06_Fort/Map/Fort_Stair.prefab
  artifactKey: Guid(c1d23237cd085a4498bad386c0b6ba1e) Importer(815301076,1909f56bfc062723c751e8b465ee728b)
Number of updated assets reloaded before import = 0
Start importing Assets/Layer Lab/3D Cartoon Box Map/Prefabs/06_Fort/Map/Fort_Stair.prefab using Guid(c1d23237cd085a4498bad386c0b6ba1e) Importer(815301076,1909f56bfc062723c751e8b465ee728b)  -> (artifact id: '1b96e7da866bf3df83be0e2f7f567cce') in 0.009040 seconds 
Number of asset objects unloaded after import = 9
========================================================================
Received Import Request.
  Time since last request: 0.000016 seconds.
  path: Assets/Layer Lab/3D Cartoon Box Map/Prefabs/06_Fort/Map/Fort_s.prefab
  artifactKey: Guid(2addf1864780308409494a566bc33c1f) Importer(815301076,1909f56bfc062723c751e8b465ee728b)
Number of updated assets reloaded before import = 0
Start importing Assets/Layer Lab/3D Cartoon Box Map/Prefabs/06_Fort/Map/Fort_s.prefab using Guid(2addf1864780308409494a566bc33c1f) Importer(815301076,1909f56bfc062723c751e8b465ee728b)  -> (artifact id: 'd764b2adc181212ffdb3b926b7a8d26b') in 0.009295 seconds 
Number of asset objects unloaded after import = 9
========================================================================
Received Import Request.
  Time since last request: 0.000025 seconds.
  path: Assets/Layer Lab/3D Cartoon Box Map/Prefabs/06_Fort/Map/Fort_Stair_4.prefab
  artifactKey: Guid(77de475aad46e4e429a1d51bd56adacf) Importer(815301076,1909f56bfc062723c751e8b465ee728b)
Number of updated assets reloaded before import = 0
Start importing Assets/Layer Lab/3D Cartoon Box Map/Prefabs/06_Fort/Map/Fort_Stair_4.prefab using Guid(77de475aad46e4e429a1d51bd56adacf) Importer(815301076,1909f56bfc062723c751e8b465ee728b)  -> (artifact id: '13fb62c31b949176deb2e70b623bf601') in 0.008533 seconds 
Number of asset objects unloaded after import = 9
========================================================================
Received Import Request.
  Time since last request: 0.000018 seconds.
  path: Assets/Layer Lab/3D Cartoon Box Map/Prefabs/06_Fort/Map/Fort02_4.prefab
  artifactKey: Guid(4c806096614d2884981fe201d729f2bb) Importer(815301076,1909f56bfc062723c751e8b465ee728b)
Number of updated assets reloaded before import = 0
Start importing Assets/Layer Lab/3D Cartoon Box Map/Prefabs/06_Fort/Map/Fort02_4.prefab using Guid(4c806096614d2884981fe201d729f2bb) Importer(815301076,1909f56bfc062723c751e8b465ee728b)  -> (artifact id: 'b70f02511001d3fa008c2ea0b833aa41') in 0.009739 seconds 
Number of asset objects unloaded after import = 9
========================================================================
Received Import Request.
  Time since last request: 0.000016 seconds.
  path: Assets/Layer Lab/3D Cartoon Box Map/Prefabs/06_Fort/Map/Fort_w.prefab
  artifactKey: Guid(a265cbb9e3e26ba48b0e0367f6ca2d9f) Importer(815301076,1909f56bfc062723c751e8b465ee728b)
Number of updated assets reloaded before import = 0
Start importing Assets/Layer Lab/3D Cartoon Box Map/Prefabs/06_Fort/Map/Fort_w.prefab using Guid(a265cbb9e3e26ba48b0e0367f6ca2d9f) Importer(815301076,1909f56bfc062723c751e8b465ee728b)  -> (artifact id: '19e53ef27aa91b38bdd731c8c2fd7260') in 0.009407 seconds 
Number of asset objects unloaded after import = 9
========================================================================
Received Import Request.
  Time since last request: 8.881866 seconds.
  path: Assets/Layer Lab/3D Cartoon Box Map/Prefabs/06_Fort/Side/Fort_Field_01.prefab
  artifactKey: Guid(1a1e6952a2ccafd4f820170f662ceaf1) Importer(815301076,1909f56bfc062723c751e8b465ee728b)
Number of updated assets reloaded before import = 0
Start importing Assets/Layer Lab/3D Cartoon Box Map/Prefabs/06_Fort/Side/Fort_Field_01.prefab using Guid(1a1e6952a2ccafd4f820170f662ceaf1) Importer(815301076,1909f56bfc062723c751e8b465ee728b)  -> (artifact id: '919ad5c48ac79bc15222ebf9fb1bdb2c') in 0.021907 seconds 
Number of asset objects unloaded after import = 9
========================================================================
Received Import Request.
  Time since last request: 0.000020 seconds.
  path: Assets/Layer Lab/3D Cartoon Box Map/Prefabs/06_Fort/Side/Fort_Stone_14.prefab
  artifactKey: Guid(0c44a1ce8cc19f540b7c4f8279da5b63) Importer(815301076,1909f56bfc062723c751e8b465ee728b)
Number of updated assets reloaded before import = 0
Start importing Assets/Layer Lab/3D Cartoon Box Map/Prefabs/06_Fort/Side/Fort_Stone_14.prefab using Guid(0c44a1ce8cc19f540b7c4f8279da5b63) Importer(815301076,1909f56bfc062723c751e8b465ee728b)  -> (artifact id: 'e9e999acc0d7730772ebd0c1399955dc') in 0.008459 seconds 
Number of asset objects unloaded after import = 9
========================================================================
Received Import Request.
  Time since last request: 0.000025 seconds.
  path: Assets/Layer Lab/3D Cartoon Box Map/Prefabs/06_Fort/Side/Fort_Field_03.prefab
  artifactKey: Guid(fd8ec5ed752d857488de3982ea3d9e82) Importer(815301076,1909f56bfc062723c751e8b465ee728b)
Number of updated assets reloaded before import = 0
Start importing Assets/Layer Lab/3D Cartoon Box Map/Prefabs/06_Fort/Side/Fort_Field_03.prefab using Guid(fd8ec5ed752d857488de3982ea3d9e82) Importer(815301076,1909f56bfc062723c751e8b465ee728b)  -> (artifact id: '62745ed870dfbe888c14aaa9c11bcc55') in 0.009101 seconds 
Number of asset objects unloaded after import = 9
========================================================================
Received Import Request.
  Time since last request: 0.000023 seconds.
  path: Assets/Layer Lab/3D Cartoon Box Map/Prefabs/06_Fort/Side/Fort_Stone_04.prefab
  artifactKey: Guid(fbfc6bcb44a9306489d4b46801e7824b) Importer(815301076,1909f56bfc062723c751e8b465ee728b)
Number of updated assets reloaded before import = 0
Start importing Assets/Layer Lab/3D Cartoon Box Map/Prefabs/06_Fort/Side/Fort_Stone_04.prefab using Guid(fbfc6bcb44a9306489d4b46801e7824b) Importer(815301076,1909f56bfc062723c751e8b465ee728b)  -> (artifact id: '3662b782d584a0c9131b19d08fe4b457') in 0.008546 seconds 
Number of asset objects unloaded after import = 9
========================================================================
Received Import Request.
  Time since last request: 0.000028 seconds.
  path: Assets/Layer Lab/3D Cartoon Box Map/Prefabs/06_Fort/Side/Fort_Stone_13.prefab
  artifactKey: Guid(df619e2636aadc644a41ab9e4a1ff8c5) Importer(815301076,1909f56bfc062723c751e8b465ee728b)
Number of updated assets reloaded before import = 0
Start importing Assets/Layer Lab/3D Cartoon Box Map/Prefabs/06_Fort/Side/Fort_Stone_13.prefab using Guid(df619e2636aadc644a41ab9e4a1ff8c5) Importer(815301076,1909f56bfc062723c751e8b465ee728b)  -> (artifact id: '3e90abdcf4f4274428aaca7cea69b8bd') in 0.008962 seconds 
Number of asset objects unloaded after import = 9
========================================================================
Received Import Request.
  Time since last request: 0.000026 seconds.
  path: Assets/Layer Lab/3D Cartoon Box Map/Prefabs/06_Fort/Side/Fort_Wallsurface_Up02.prefab
  artifactKey: Guid(66f9409817d6a5e4cb12ff07d71bd7c3) Importer(815301076,1909f56bfc062723c751e8b465ee728b)
Number of updated assets reloaded before import = 0
Start importing Assets/Layer Lab/3D Cartoon Box Map/Prefabs/06_Fort/Side/Fort_Wallsurface_Up02.prefab using Guid(66f9409817d6a5e4cb12ff07d71bd7c3) Importer(815301076,1909f56bfc062723c751e8b465ee728b)  -> (artifact id: 'b3dfd05dbb71695bd7c01c22aaf69115') in 0.009018 seconds 
Number of asset objects unloaded after import = 9
========================================================================
Received Import Request.
  Time since last request: 0.000019 seconds.
  path: Assets/Layer Lab/3D Cartoon Box Map/Prefabs/06_Fort/Side/Fort_Stone_09.prefab
  artifactKey: Guid(aef5a223d59e5a9419b1404f0d878019) Importer(815301076,1909f56bfc062723c751e8b465ee728b)
Number of updated assets reloaded before import = 0
Start importing Assets/Layer Lab/3D Cartoon Box Map/Prefabs/06_Fort/Side/Fort_Stone_09.prefab using Guid(aef5a223d59e5a9419b1404f0d878019) Importer(815301076,1909f56bfc062723c751e8b465ee728b)  -> (artifact id: '9503a5d6d3091396e9283180e4d61498') in 0.008665 seconds 
Number of asset objects unloaded after import = 9
========================================================================
Received Import Request.
  Time since last request: 0.000021 seconds.
  path: Assets/Layer Lab/3D Cartoon Box Map/Prefabs/06_Fort/Side/Fort_Wallsurface_w.prefab
  artifactKey: Guid(6827888ad13bb1a4498c86ce8c39d671) Importer(815301076,1909f56bfc062723c751e8b465ee728b)
Number of updated assets reloaded before import = 0
Start importing Assets/Layer Lab/3D Cartoon Box Map/Prefabs/06_Fort/Side/Fort_Wallsurface_w.prefab using Guid(6827888ad13bb1a4498c86ce8c39d671) Importer(815301076,1909f56bfc062723c751e8b465ee728b)  -> (artifact id: 'f1251fe60d0ca9178b2cc81b70825b39') in 0.009318 seconds 
Number of asset objects unloaded after import = 9
========================================================================
Received Import Request.
  Time since last request: 0.000038 seconds.
  path: Assets/Layer Lab/3D Cartoon Box Map/Prefabs/06_Fort/Side/Fort_Stone_07.prefab
  artifactKey: Guid(21aa7af7264ece44f8e6c0c1e69f9afc) Importer(815301076,1909f56bfc062723c751e8b465ee728b)
Number of updated assets reloaded before import = 0
Start importing Assets/Layer Lab/3D Cartoon Box Map/Prefabs/06_Fort/Side/Fort_Stone_07.prefab using Guid(21aa7af7264ece44f8e6c0c1e69f9afc) Importer(815301076,1909f56bfc062723c751e8b465ee728b)  -> (artifact id: 'a7c1dc59fa7560212614e4bfb3bc923d') in 0.008611 seconds 
Number of asset objects unloaded after import = 9
========================================================================
Received Import Request.
  Time since last request: 0.000025 seconds.
  path: Assets/Layer Lab/3D Cartoon Box Map/Prefabs/06_Fort/Side/Fort_Stone_01.prefab
  artifactKey: Guid(b031c5fb35a697b4b99f1ca6701117e1) Importer(815301076,1909f56bfc062723c751e8b465ee728b)
Number of updated assets reloaded before import = 0
Start importing Assets/Layer Lab/3D Cartoon Box Map/Prefabs/06_Fort/Side/Fort_Stone_01.prefab using Guid(b031c5fb35a697b4b99f1ca6701117e1) Importer(815301076,1909f56bfc062723c751e8b465ee728b)  -> (artifact id: 'b2a43280f84cbf5eeb7329fdd7cf4243') in 0.009162 seconds 
Number of asset objects unloaded after import = 9
========================================================================
Received Import Request.
  Time since last request: 0.000019 seconds.
  path: Assets/Layer Lab/3D Cartoon Box Map/Prefabs/06_Fort/Side/Fort_Wallsurface_01.prefab
  artifactKey: Guid(7ab4f646c74bfa3478c40b2a0009162d) Importer(815301076,1909f56bfc062723c751e8b465ee728b)
Number of updated assets reloaded before import = 0
Start importing Assets/Layer Lab/3D Cartoon Box Map/Prefabs/06_Fort/Side/Fort_Wallsurface_01.prefab using Guid(7ab4f646c74bfa3478c40b2a0009162d) Importer(815301076,1909f56bfc062723c751e8b465ee728b)  -> (artifact id: '0a5a575fe2961394758ba91e91882432') in 0.008577 seconds 
Number of asset objects unloaded after import = 9
Editor requested this worker to shutdown with reason: Scaling down because of idle timeout
AssetImportWorker is now disconnected from the server
Process exiting
Exiting without the bug reporter. Application will terminate with return code 0